#
# There is insufficient memory for the Java Runtime Environment to continue.
# Native memory allocation (malloc) failed to allocate 1623056 bytes. Error detail: Chunk::new
# Possible reasons:
#   The system is out of physical RAM or swap space
#   This process is running with CompressedOops enabled, and the Java Heap may be blocking the growth of the native heap
# Possible solutions:
#   Reduce memory load on the system
#   Increase physical memory or swap space
#   Check if swap backing store is full
#   Decrease Java heap size (-Xmx/-Xms)
#   Decrease number of Java threads
#   Decrease Java thread stack sizes (-Xss)
#   Set larger code cache with -XX:ReservedCodeCacheSize=
#   JVM is running with Unscaled Compressed Oops mode in which the Java heap is
#     placed in the first 4GB address space. The Java Heap base address is the
#     maximum limit for the native heap growth. Please use -XX:HeapBaseMinAddress
#     to set the Java Heap base and to place the Java Heap above 4GB virtual address.
# This output file may be truncated or incomplete.
#
#  Out of Memory Error (arena.cpp:168), pid=24872, tid=12420
#
# JRE version: OpenJDK Runtime Environment Temurin-21.0.8+9 (21.0.8+9) (build 21.0.8+9-LTS)
# Java VM: OpenJDK 64-Bit Server VM Temurin-21.0.8+9 (21.0.8+9-LTS, mixed mode, sharing, tiered, compressed oops, compressed class ptrs, parallel gc, windows-amd64)
# No core dump will be written. Minidumps are not enabled by default on client versions of Windows
#

---------------  S U M M A R Y ------------

Command Line: --add-modules=ALL-SYSTEM --add-opens=java.base/java.util=ALL-UNNAMED --add-opens=java.base/java.lang=ALL-UNNAMED --add-opens=java.base/sun.nio.fs=ALL-UNNAMED -Declipse.application=org.eclipse.jdt.ls.core.id1 -Dosgi.bundles.defaultStartLevel=4 -Declipse.product=org.eclipse.jdt.ls.core.product -Djava.import.generatesMetadataFilesAtProjectRoot=false -DDetectVMInstallationsJob.disabled=true -Dfile.encoding=utf8 -XX:+UseParallelGC -XX:GCTimeRatio=4 -XX:AdaptiveSizePolicyWeight=90 -Dsun.zip.disableMemoryMapping=true -Xmx2G -Xms100m -Xlog:disable -javaagent:c:\Users\Shaik\.vscode\extensions\redhat.java-1.45.0-win32-x64\lombok\lombok-1.18.39-4050.jar -XX:+HeapDumpOnOutOfMemoryError -XX:HeapDumpPath=c:\Users\Shaik\AppData\Roaming\Code\User\workspaceStorage\414eda6aa39d44dd55053ebc7d03b021\redhat.java -Daether.dependencyCollector.impl=bf c:\Users\Shaik\.vscode\extensions\redhat.java-1.45.0-win32-x64\server\plugins\org.eclipse.equinox.launcher_1.7.0.v20250519-0528.jar -configuration c:\Users\Shaik\AppData\Roaming\Code\User\globalStorage\redhat.java\1.45.0\config_win -data c:\Users\Shaik\AppData\Roaming\Code\User\workspaceStorage\414eda6aa39d44dd55053ebc7d03b021\redhat.java\jdt_ws --pipe=\\.\pipe\lsp-7bd97dd18e5b60a569c52683bbbba23e-sock

Host: 13th Gen Intel(R) Core(TM) i5-1335U, 12 cores, 15G,  Windows 11 , 64 bit Build 26100 (10.0.26100.5074)
Time: Sat Sep 27 10:19:55 2025 India Standard Time elapsed time: 44.142532 seconds (0d 0h 0m 44s)

---------------  T H R E A D  ---------------

Current thread (0x00000295520c56f0):  JavaThread "C2 CompilerThread0" daemon [_thread_in_native, id=12420, stack(0x000000c45c500000,0x000000c45c600000) (1024K)]


Current CompileTask:
C2:44142 4092   !   4       org.eclipse.osgi.internal.loader.classpath.ClasspathManager::findClassImpl (343 bytes)

Stack: [0x000000c45c500000,0x000000c45c600000]
Native frames: (J=compiled Java code, j=interpreted, Vv=VM code, C=native code)
V  [jvm.dll+0x6d2449]
V  [jvm.dll+0x8ae341]
V  [jvm.dll+0x8b08be]
V  [jvm.dll+0x8b0fa3]
V  [jvm.dll+0x280c96]
V  [jvm.dll+0xc581d]
V  [jvm.dll+0xc5d53]
V  [jvm.dll+0x3b9162]
V  [jvm.dll+0x385315]
V  [jvm.dll+0x38477a]
V  [jvm.dll+0x248ed0]
V  [jvm.dll+0x2484af]
V  [jvm.dll+0x1c89ee]
V  [jvm.dll+0x257d4d]
V  [jvm.dll+0x2562ea]
V  [jvm.dll+0x3f2d16]
V  [jvm.dll+0x857e6b]
V  [jvm.dll+0x6d0b0d]
C  [ucrtbase.dll+0x37b0]
C  [KERNEL32.DLL+0x2e8d7]
C  [ntdll.dll+0x8d9c]


---------------  P R O C E S S  ---------------

Threads class SMR info:
_java_thread_list=0x000002956f3ee8f0, length=24, elements={
0x000002954fb69550, 0x00000295520b4380, 0x0000029551fbb380, 0x00000295520b62e0,
0x00000295520b7f90, 0x00000295520ba100, 0x00000295520be5b0, 0x00000295520c56f0,
0x00000295520c7d40, 0x0000029569e39550, 0x000002956a075750, 0x000002956f823590,
0x000002956f73a410, 0x000002956f054aa0, 0x000002956a0179f0, 0x000002956f3c82a0,
0x000002956f6635a0, 0x000002956fb3f100, 0x000002956fb3ea70, 0x000002956fb3d030,
0x000002956fb3c9a0, 0x000002956fb3fe20, 0x000002956fb3d6c0, 0x000002956fec62c0
}

Java Threads: ( => current thread )
  0x000002954fb69550 JavaThread "main"                              [_thread_blocked, id=7928, stack(0x000000c45bb00000,0x000000c45bc00000) (1024K)]
  0x00000295520b4380 JavaThread "Reference Handler"          daemon [_thread_blocked, id=10824, stack(0x000000c45bf00000,0x000000c45c000000) (1024K)]
  0x0000029551fbb380 JavaThread "Finalizer"                  daemon [_thread_blocked, id=4356, stack(0x000000c45c000000,0x000000c45c100000) (1024K)]
  0x00000295520b62e0 JavaThread "Signal Dispatcher"          daemon [_thread_blocked, id=22680, stack(0x000000c45c100000,0x000000c45c200000) (1024K)]
  0x00000295520b7f90 JavaThread "Attach Listener"            daemon [_thread_blocked, id=17120, stack(0x000000c45c200000,0x000000c45c300000) (1024K)]
  0x00000295520ba100 JavaThread "Service Thread"             daemon [_thread_blocked, id=5580, stack(0x000000c45c300000,0x000000c45c400000) (1024K)]
  0x00000295520be5b0 JavaThread "Monitor Deflation Thread"   daemon [_thread_blocked, id=25364, stack(0x000000c45c400000,0x000000c45c500000) (1024K)]
=>0x00000295520c56f0 JavaThread "C2 CompilerThread0"         daemon [_thread_in_native, id=12420, stack(0x000000c45c500000,0x000000c45c600000) (1024K)]
  0x00000295520c7d40 JavaThread "C1 CompilerThread0"         daemon [_thread_in_native, id=19116, stack(0x000000c45c600000,0x000000c45c700000) (1024K)]
  0x0000029569e39550 JavaThread "Common-Cleaner"             daemon [_thread_blocked, id=4068, stack(0x000000c45c700000,0x000000c45c800000) (1024K)]
  0x000002956a075750 JavaThread "Notification Thread"        daemon [_thread_blocked, id=15452, stack(0x000000c45c900000,0x000000c45ca00000) (1024K)]
  0x000002956f823590 JavaThread "Active Thread: Equinox Container: ff208f17-d4bb-4160-a7c4-dc21f099d827"        [_thread_blocked, id=21324, stack(0x000000c45d100000,0x000000c45d200000) (1024K)]
  0x000002956f73a410 JavaThread "Refresh Thread: Equinox Container: ff208f17-d4bb-4160-a7c4-dc21f099d827" daemon [_thread_blocked, id=17048, stack(0x000000c45c800000,0x000000c45c900000) (1024K)]
  0x000002956f054aa0 JavaThread "Framework Event Dispatcher: Equinox Container: ff208f17-d4bb-4160-a7c4-dc21f099d827" daemon [_thread_blocked, id=19020, stack(0x000000c45d200000,0x000000c45d300000) (1024K)]
  0x000002956a0179f0 JavaThread "Start Level: Equinox Container: ff208f17-d4bb-4160-a7c4-dc21f099d827" daemon [_thread_in_native, id=11896, stack(0x000000c45d300000,0x000000c45d400000) (1024K)]
  0x000002956f3c82a0 JavaThread "Bundle File Closer"         daemon [_thread_blocked, id=5836, stack(0x000000c45d400000,0x000000c45d500000) (1024K)]
  0x000002956f6635a0 JavaThread "SCR Component Actor"        daemon [_thread_blocked, id=6688, stack(0x000000c45b900000,0x000000c45ba00000) (1024K)]
  0x000002956fb3f100 JavaThread "SCR Component Registry"     daemon [_thread_blocked, id=20212, stack(0x000000c45d700000,0x000000c45d800000) (1024K)]
  0x000002956fb3ea70 JavaThread "Worker-JM"                         [_thread_blocked, id=21744, stack(0x000000c45d800000,0x000000c45d900000) (1024K)]
  0x000002956fb3d030 JavaThread "Worker-0: Repository registry initialization"        [_thread_in_native, id=26360, stack(0x000000c45d900000,0x000000c45da00000) (1024K)]
  0x000002956fb3c9a0 JavaThread "Worker-1: Updating Maven Dependencies"        [_thread_blocked, id=24508, stack(0x000000c45da00000,0x000000c45db00000) (1024K)]
  0x000002956fb3fe20 JavaThread "Worker-2"                          [_thread_blocked, id=17132, stack(0x000000c45db00000,0x000000c45dc00000) (1024K)]
  0x000002956fb3d6c0 JavaThread "Worker-3"                          [_thread_blocked, id=24636, stack(0x000000c45dc00000,0x000000c45dd00000) (1024K)]
  0x000002956fec62c0 JavaThread "C2 CompilerThread1"         daemon [_thread_in_native, id=1884, stack(0x000000c45dd00000,0x000000c45de00000) (1024K)]
Total: 24

Other Threads:
  0x0000029551fa48a0 VMThread "VM Thread"                           [id=25384, stack(0x000000c45be00000,0x000000c45bf00000) (1024K)]
  0x0000029551e9ca00 WatcherThread "VM Periodic Task Thread"        [id=712, stack(0x000000c45bd00000,0x000000c45be00000) (1024K)]
  0x000002955202c560 WorkerThread "GC Thread#0"                     [id=24520, stack(0x000000c45bc00000,0x000000c45bd00000) (1024K)]
  0x000002956f55c8a0 WorkerThread "GC Thread#1"                     [id=23016, stack(0x000000c45cb00000,0x000000c45cc00000) (1024K)]
  0x000002956f7b14d0 WorkerThread "GC Thread#2"                     [id=24612, stack(0x000000c45cc00000,0x000000c45cd00000) (1024K)]
  0x000002956f7b1870 WorkerThread "GC Thread#3"                     [id=8056, stack(0x000000c45cd00000,0x000000c45ce00000) (1024K)]
  0x000002956f847b10 WorkerThread "GC Thread#4"                     [id=18896, stack(0x000000c45ce00000,0x000000c45cf00000) (1024K)]
  0x000002956f86ac70 WorkerThread "GC Thread#5"                     [id=404, stack(0x000000c45cf00000,0x000000c45d000000) (1024K)]
  0x000002956f86b010 WorkerThread "GC Thread#6"                     [id=24844, stack(0x000000c45d000000,0x000000c45d100000) (1024K)]
  0x000002956f81eaa0 WorkerThread "GC Thread#7"                     [id=25508, stack(0x000000c45ca00000,0x000000c45cb00000) (1024K)]
  0x000002956f81ee40 WorkerThread "GC Thread#8"                     [id=20904, stack(0x000000c45d500000,0x000000c45d600000) (1024K)]
  0x000002956f81f1e0 WorkerThread "GC Thread#9"                     [id=17956, stack(0x000000c45d600000,0x000000c45d700000) (1024K)]
Total: 12

Threads with active compile tasks:
C2 CompilerThread0  44162 4092   !   4       org.eclipse.osgi.internal.loader.classpath.ClasspathManager::findClassImpl (343 bytes)
C2 CompilerThread1  44162 4180       4       lombok.launch.ClassFileMetaData::decodeString (181 bytes)
Total: 2

VM state: not at safepoint (normal execution)

VM Mutex/Monitor currently owned by a thread: None

Heap address: 0x0000000080000000, size: 2048 MB, Compressed Oops mode: 32-bit

CDS archive(s) mapped at: [0x0000029500000000-0x0000029500ba0000-0x0000029500ba0000), size 12189696, SharedBaseAddress: 0x0000029500000000, ArchiveRelocationMode: 1.
Compressed class space mapped at: 0x0000029501000000-0x0000029541000000, reserved size: 1073741824
Narrow klass base: 0x0000029500000000, Narrow klass shift: 0, Narrow klass range: 0x100000000

GC Precious Log:
 CardTable entry size: 512
 CPUs: 12 total, 12 available
 Memory: 16095M
 Large Page Support: Disabled
 NUMA Support: Disabled
 Compressed Oops: Enabled (32-bit)
 Alignments: Space 512K, Generation 512K, Heap 2M
 Heap Min Capacity: 100M
 Heap Initial Capacity: 100M
 Heap Max Capacity: 2G
 Pre-touch: Disabled
 Parallel Workers: 10

Heap:
 PSYoungGen      total 25600K, used 21031K [0x00000000d5580000, 0x00000000d7380000, 0x0000000100000000)
  eden space 23552K, 85% used [0x00000000d5580000,0x00000000d693f348,0x00000000d6c80000)
  from space 2048K, 39% used [0x00000000d6f80000,0x00000000d704a8c0,0x00000000d7180000)
  to   space 1024K, 0% used [0x00000000d7280000,0x00000000d7280000,0x00000000d7380000)
 ParOldGen       total 68608K, used 13316K [0x0000000080000000, 0x0000000084300000, 0x00000000d5580000)
  object space 68608K, 19% used [0x0000000080000000,0x0000000080d01098,0x0000000084300000)
 Metaspace       used 27977K, committed 28864K, reserved 1114112K
  class space    used 2824K, committed 3200K, reserved 1048576K

Card table byte_map: [0x00000295519b0000,0x0000029551dc0000] _byte_map_base: 0x00000295515b0000

Marking Bits: (ParMarkBitMap*) 0x00007ffdb99ca340
 Begin Bits: [0x00000295644b0000, 0x00000295664b0000)
 End Bits:   [0x00000295664b0000, 0x00000295684b0000)

Polling page: 0x000002954fe20000

Metaspace:

Usage:
  Non-class:     24.57 MB used.
      Class:      2.76 MB used.
       Both:     27.33 MB used.

Virtual space:
  Non-class space:       64.00 MB reserved,      25.06 MB ( 39%) committed,  1 nodes.
      Class space:        1.00 GB reserved,       3.12 MB ( <1%) committed,  1 nodes.
             Both:        1.06 GB reserved,      28.19 MB (  3%) committed. 

Chunk freelists:
   Non-Class:  6.33 MB
       Class:  12.76 MB
        Both:  19.09 MB

MaxMetaspaceSize: unlimited
CompressedClassSpaceSize: 1.00 GB
Initial GC threshold: 21.00 MB
Current GC threshold: 35.00 MB
CDS: on
 - commit_granule_bytes: 65536.
 - commit_granule_words: 8192.
 - virtual_space_node_default_size: 8388608.
 - enlarge_chunks_in_place: 1.
 - use_allocation_guard: 0.


Internal statistics:

num_allocs_failed_limit: 3.
num_arena_births: 650.
num_arena_deaths: 14.
num_vsnodes_births: 2.
num_vsnodes_deaths: 0.
num_space_committed: 451.
num_space_uncommitted: 0.
num_chunks_returned_to_freelist: 17.
num_chunks_taken_from_freelist: 1835.
num_chunk_merges: 7.
num_chunk_splits: 1150.
num_chunks_enlarged: 675.
num_inconsistent_stats: 0.

CodeHeap 'non-profiled nmethods': size=120000Kb used=1919Kb max_used=1919Kb free=118080Kb
 bounds [0x000002955ccd0000, 0x000002955cf40000, 0x0000029564200000]
CodeHeap 'profiled nmethods': size=120000Kb used=8800Kb max_used=8800Kb free=111199Kb
 bounds [0x0000029555200000, 0x0000029555aa0000, 0x000002955c730000]
CodeHeap 'non-nmethods': size=5760Kb used=1324Kb max_used=1342Kb free=4436Kb
 bounds [0x000002955c730000, 0x000002955c9a0000, 0x000002955ccd0000]
CodeCache: size=245760Kb, used=12043Kb, max_used=12061Kb, free=233715Kb
 total_blobs=4787, nmethods=4175, adapters=518, full_count=0
Compilation: enabled, stopped_count=0, restarted_count=0

Compilation events (20 events):
Event: 40.997 Thread 0x00000295520c7d40 4117       3       java.lang.Module::isStaticallyExportedOrOpen (70 bytes)
Event: 40.997 Thread 0x00000295520c7d40 nmethod 4117 0x0000029555a70f10 code [0x0000029555a71120, 0x0000029555a717d0]
Event: 41.016 Thread 0x00000295520c7d40 4119       1       java.util.stream.Collectors$CollectorImpl::characteristics (5 bytes)
Event: 41.016 Thread 0x00000295520c7d40 nmethod 4119 0x000002955cea7310 code [0x000002955cea74a0, 0x000002955cea7568]
Event: 41.016 Thread 0x000002956fec62c0 4118       4       java.lang.StringBuilder::append (8 bytes)
Event: 41.019 Thread 0x000002956fec62c0 nmethod 4118 0x000002955cea7610 code [0x000002955cea7800, 0x000002955cea7df8]
Event: 41.019 Thread 0x000002956fec62c0 4096       4       org.lombokweb.asm.SymbolTable::get (13 bytes)
Event: 41.019 Thread 0x000002956fec62c0 nmethod 4096 0x000002955cea8110 code [0x000002955cea82a0, 0x000002955cea83a0]
Event: 41.019 Thread 0x000002956fec62c0 4114       4       org.lombokweb.asm.MethodWriter::visitLabel (332 bytes)
Event: 41.026 Thread 0x000002956fec62c0 nmethod 4114 0x000002955cea8490 code [0x000002955cea8660, 0x000002955cea8c78]
Event: 41.026 Thread 0x000002956fec62c0 4120   !   4       java.util.WeakHashMap::expungeStaleEntries (139 bytes)
Event: 41.037 Thread 0x00000295520c7d40 4121       3       java.lang.NamedPackage::<init> (59 bytes)
Event: 41.037 Thread 0x000002956fec62c0 nmethod 4120 0x000002955cea9090 code [0x000002955cea9300, 0x000002955cea9cc0]
Event: 42.041 Thread 0x000002956fec62c0 4094       4       java.lang.String::contains (19 bytes)
Event: 42.042 Thread 0x00000295520c7d40 nmethod 4121 0x0000029555a71990 code [0x0000029555a71c20, 0x0000029555a72598]
Event: 42.042 Thread 0x00000295520c7d40 4122       3       org.eclipse.equinox.launcher.Main$SplashHandler::updateSplash (32 bytes)
Event: 42.043 Thread 0x00000295520c7d40 nmethod 4122 0x0000029555a72990 code [0x0000029555a72c00, 0x0000029555a73490]
Event: 42.045 Thread 0x000002956fec62c0 nmethod 4094 0x000002955ceaa490 code [0x000002955ceaa620, 0x000002955ceaa8b0]
Event: 42.551 Thread 0x000002956fec62c0 4123       4       jdk.internal.misc.Unsafe::putReferenceOpaque (9 bytes)
Event: 42.552 Thread 0x000002956fec62c0 nmethod 4123 0x000002955ceaaa10 code [0x000002955ceaaba0, 0x000002955ceaac50]

GC Heap History (20 events):
Event: 0.711 GC heap before
{Heap before GC invocations=1 (full 0):
 PSYoungGen      total 29696K, used 25600K [0x00000000d5580000, 0x00000000d7680000, 0x0000000100000000)
  eden space 25600K, 100% used [0x00000000d5580000,0x00000000d6e80000,0x00000000d6e80000)
  from space 4096K, 0% used [0x00000000d7280000,0x00000000d7280000,0x00000000d7680000)
  to   space 4096K, 0% used [0x00000000d6e80000,0x00000000d6e80000,0x00000000d7280000)
 ParOldGen       total 68608K, used 0K [0x0000000080000000, 0x0000000084300000, 0x00000000d5580000)
  object space 68608K, 0% used [0x0000000080000000,0x0000000080000000,0x0000000084300000)
 Metaspace       used 4298K, committed 4544K, reserved 1114112K
  class space    used 471K, committed 576K, reserved 1048576K
}
Event: 0.718 GC heap after
{Heap after GC invocations=1 (full 0):
 PSYoungGen      total 29696K, used 3328K [0x00000000d5580000, 0x00000000d7680000, 0x0000000100000000)
  eden space 25600K, 0% used [0x00000000d5580000,0x00000000d5580000,0x00000000d6e80000)
  from space 4096K, 81% used [0x00000000d6e80000,0x00000000d71c00d8,0x00000000d7280000)
  to   space 4096K, 0% used [0x00000000d7280000,0x00000000d7280000,0x00000000d7680000)
 ParOldGen       total 68608K, used 16K [0x0000000080000000, 0x0000000084300000, 0x00000000d5580000)
  object space 68608K, 0% used [0x0000000080000000,0x0000000080004000,0x0000000084300000)
 Metaspace       used 4298K, committed 4544K, reserved 1114112K
  class space    used 471K, committed 576K, reserved 1048576K
}
Event: 9.542 GC heap before
{Heap before GC invocations=2 (full 0):
 PSYoungGen      total 29696K, used 28928K [0x00000000d5580000, 0x00000000d7680000, 0x0000000100000000)
  eden space 25600K, 100% used [0x00000000d5580000,0x00000000d6e80000,0x00000000d6e80000)
  from space 4096K, 81% used [0x00000000d6e80000,0x00000000d71c00d8,0x00000000d7280000)
  to   space 4096K, 0% used [0x00000000d7280000,0x00000000d7280000,0x00000000d7680000)
 ParOldGen       total 68608K, used 16K [0x0000000080000000, 0x0000000084300000, 0x00000000d5580000)
  object space 68608K, 0% used [0x0000000080000000,0x0000000080004000,0x0000000084300000)
 Metaspace       used 7947K, committed 8192K, reserved 1114112K
  class space    used 836K, committed 960K, reserved 1048576K
}
Event: 9.547 GC heap after
{Heap after GC invocations=2 (full 0):
 PSYoungGen      total 29696K, used 4071K [0x00000000d5580000, 0x00000000d7680000, 0x0000000100000000)
  eden space 25600K, 0% used [0x00000000d5580000,0x00000000d5580000,0x00000000d6e80000)
  from space 4096K, 99% used [0x00000000d7280000,0x00000000d7679e18,0x00000000d7680000)
  to   space 4096K, 0% used [0x00000000d6e80000,0x00000000d6e80000,0x00000000d7280000)
 ParOldGen       total 68608K, used 1792K [0x0000000080000000, 0x0000000084300000, 0x00000000d5580000)
  object space 68608K, 2% used [0x0000000080000000,0x00000000801c0268,0x0000000084300000)
 Metaspace       used 7947K, committed 8192K, reserved 1114112K
  class space    used 836K, committed 960K, reserved 1048576K
}
Event: 13.262 GC heap before
{Heap before GC invocations=3 (full 0):
 PSYoungGen      total 29696K, used 29671K [0x00000000d5580000, 0x00000000d7680000, 0x0000000100000000)
  eden space 25600K, 100% used [0x00000000d5580000,0x00000000d6e80000,0x00000000d6e80000)
  from space 4096K, 99% used [0x00000000d7280000,0x00000000d7679e18,0x00000000d7680000)
  to   space 4096K, 0% used [0x00000000d6e80000,0x00000000d6e80000,0x00000000d7280000)
 ParOldGen       total 68608K, used 1792K [0x0000000080000000, 0x0000000084300000, 0x00000000d5580000)
  object space 68608K, 2% used [0x0000000080000000,0x00000000801c0268,0x0000000084300000)
 Metaspace       used 9374K, committed 9664K, reserved 1114112K
  class space    used 1004K, committed 1152K, reserved 1048576K
}
Event: 13.268 GC heap after
{Heap after GC invocations=3 (full 0):
 PSYoungGen      total 29696K, used 4088K [0x00000000d5580000, 0x00000000d7680000, 0x0000000100000000)
  eden space 25600K, 0% used [0x00000000d5580000,0x00000000d5580000,0x00000000d6e80000)
  from space 4096K, 99% used [0x00000000d6e80000,0x00000000d727e3f0,0x00000000d7280000)
  to   space 4096K, 0% used [0x00000000d7280000,0x00000000d7280000,0x00000000d7680000)
 ParOldGen       total 68608K, used 4870K [0x0000000080000000, 0x0000000084300000, 0x00000000d5580000)
  object space 68608K, 7% used [0x0000000080000000,0x00000000804c1858,0x0000000084300000)
 Metaspace       used 9374K, committed 9664K, reserved 1114112K
  class space    used 1004K, committed 1152K, reserved 1048576K
}
Event: 35.193 GC heap before
{Heap before GC invocations=4 (full 0):
 PSYoungGen      total 29696K, used 29688K [0x00000000d5580000, 0x00000000d7680000, 0x0000000100000000)
  eden space 25600K, 100% used [0x00000000d5580000,0x00000000d6e80000,0x00000000d6e80000)
  from space 4096K, 99% used [0x00000000d6e80000,0x00000000d727e3f0,0x00000000d7280000)
  to   space 4096K, 0% used [0x00000000d7280000,0x00000000d7280000,0x00000000d7680000)
 ParOldGen       total 68608K, used 4870K [0x0000000080000000, 0x0000000084300000, 0x00000000d5580000)
  object space 68608K, 7% used [0x0000000080000000,0x00000000804c1858,0x0000000084300000)
 Metaspace       used 11873K, committed 12288K, reserved 1114112K
  class space    used 1251K, committed 1408K, reserved 1048576K
}
Event: 35.203 GC heap after
{Heap after GC invocations=4 (full 0):
 PSYoungGen      total 29696K, used 4085K [0x00000000d5580000, 0x00000000d7680000, 0x0000000100000000)
  eden space 25600K, 0% used [0x00000000d5580000,0x00000000d5580000,0x00000000d6e80000)
  from space 4096K, 99% used [0x00000000d7280000,0x00000000d767d450,0x00000000d7680000)
  to   space 4096K, 0% used [0x00000000d6e80000,0x00000000d6e80000,0x00000000d7280000)
 ParOldGen       total 68608K, used 6709K [0x0000000080000000, 0x0000000084300000, 0x00000000d5580000)
  object space 68608K, 9% used [0x0000000080000000,0x000000008068d468,0x0000000084300000)
 Metaspace       used 11873K, committed 12288K, reserved 1114112K
  class space    used 1251K, committed 1408K, reserved 1048576K
}
Event: 38.977 GC heap before
{Heap before GC invocations=5 (full 0):
 PSYoungGen      total 29696K, used 29685K [0x00000000d5580000, 0x00000000d7680000, 0x0000000100000000)
  eden space 25600K, 100% used [0x00000000d5580000,0x00000000d6e80000,0x00000000d6e80000)
  from space 4096K, 99% used [0x00000000d7280000,0x00000000d767d450,0x00000000d7680000)
  to   space 4096K, 0% used [0x00000000d6e80000,0x00000000d6e80000,0x00000000d7280000)
 ParOldGen       total 68608K, used 6709K [0x0000000080000000, 0x0000000084300000, 0x00000000d5580000)
  object space 68608K, 9% used [0x0000000080000000,0x000000008068d468,0x0000000084300000)
 Metaspace       used 15016K, committed 15616K, reserved 1114112K
  class space    used 1532K, committed 1792K, reserved 1048576K
}
Event: 38.982 GC heap after
{Heap after GC invocations=5 (full 0):
 PSYoungGen      total 29184K, used 4081K [0x00000000d5580000, 0x00000000d7a00000, 0x0000000100000000)
  eden space 25088K, 0% used [0x00000000d5580000,0x00000000d5580000,0x00000000d6e00000)
  from space 4096K, 99% used [0x00000000d6e80000,0x00000000d727c6d0,0x00000000d7280000)
  to   space 6144K, 0% used [0x00000000d7400000,0x00000000d7400000,0x00000000d7a00000)
 ParOldGen       total 68608K, used 8292K [0x0000000080000000, 0x0000000084300000, 0x00000000d5580000)
  object space 68608K, 12% used [0x0000000080000000,0x0000000080819020,0x0000000084300000)
 Metaspace       used 15016K, committed 15616K, reserved 1114112K
  class space    used 1532K, committed 1792K, reserved 1048576K
}
Event: 39.320 GC heap before
{Heap before GC invocations=6 (full 0):
 PSYoungGen      total 29184K, used 29169K [0x00000000d5580000, 0x00000000d7a00000, 0x0000000100000000)
  eden space 25088K, 100% used [0x00000000d5580000,0x00000000d6e00000,0x00000000d6e00000)
  from space 4096K, 99% used [0x00000000d6e80000,0x00000000d727c6d0,0x00000000d7280000)
  to   space 6144K, 0% used [0x00000000d7400000,0x00000000d7400000,0x00000000d7a00000)
 ParOldGen       total 68608K, used 8292K [0x0000000080000000, 0x0000000084300000, 0x00000000d5580000)
  object space 68608K, 12% used [0x0000000080000000,0x0000000080819020,0x0000000084300000)
 Metaspace       used 18030K, committed 18752K, reserved 1114112K
  class space    used 1865K, committed 2176K, reserved 1048576K
}
Event: 39.324 GC heap after
{Heap after GC invocations=6 (full 0):
 PSYoungGen      total 29184K, used 4129K [0x00000000d5580000, 0x00000000d7880000, 0x0000000100000000)
  eden space 24576K, 0% used [0x00000000d5580000,0x00000000d5580000,0x00000000d6d80000)
  from space 4608K, 89% used [0x00000000d7400000,0x00000000d78086c8,0x00000000d7880000)
  to   space 5120K, 0% used [0x00000000d6e80000,0x00000000d6e80000,0x00000000d7380000)
 ParOldGen       total 68608K, used 8300K [0x0000000080000000, 0x0000000084300000, 0x00000000d5580000)
  object space 68608K, 12% used [0x0000000080000000,0x000000008081b020,0x0000000084300000)
 Metaspace       used 18030K, committed 18752K, reserved 1114112K
  class space    used 1865K, committed 2176K, reserved 1048576K
}
Event: 39.598 GC heap before
{Heap before GC invocations=7 (full 0):
 PSYoungGen      total 29184K, used 27837K [0x00000000d5580000, 0x00000000d7880000, 0x0000000100000000)
  eden space 24576K, 96% used [0x00000000d5580000,0x00000000d6ca7058,0x00000000d6d80000)
  from space 4608K, 89% used [0x00000000d7400000,0x00000000d78086c8,0x00000000d7880000)
  to   space 5120K, 0% used [0x00000000d6e80000,0x00000000d6e80000,0x00000000d7380000)
 ParOldGen       total 68608K, used 8300K [0x0000000080000000, 0x0000000084300000, 0x00000000d5580000)
  object space 68608K, 12% used [0x0000000080000000,0x000000008081b020,0x0000000084300000)
 Metaspace       used 20740K, committed 21504K, reserved 1114112K
  class space    used 2140K, committed 2496K, reserved 1048576K
}
Event: 39.603 GC heap after
{Heap after GC invocations=7 (full 0):
 PSYoungGen      total 29184K, used 4325K [0x00000000d5580000, 0x00000000d7680000, 0x0000000100000000)
  eden space 24576K, 0% used [0x00000000d5580000,0x00000000d5580000,0x00000000d6d80000)
  from space 4608K, 93% used [0x00000000d6e80000,0x00000000d72b9778,0x00000000d7300000)
  to   space 3584K, 0% used [0x00000000d7300000,0x00000000d7300000,0x00000000d7680000)
 ParOldGen       total 68608K, used 9710K [0x0000000080000000, 0x0000000084300000, 0x00000000d5580000)
  object space 68608K, 14% used [0x0000000080000000,0x000000008097b830,0x0000000084300000)
 Metaspace       used 20740K, committed 21504K, reserved 1114112K
  class space    used 2140K, committed 2496K, reserved 1048576K
}
Event: 39.603 GC heap before
{Heap before GC invocations=8 (full 1):
 PSYoungGen      total 29184K, used 4325K [0x00000000d5580000, 0x00000000d7680000, 0x0000000100000000)
  eden space 24576K, 0% used [0x00000000d5580000,0x00000000d5580000,0x00000000d6d80000)
  from space 4608K, 93% used [0x00000000d6e80000,0x00000000d72b9778,0x00000000d7300000)
  to   space 3584K, 0% used [0x00000000d7300000,0x00000000d7300000,0x00000000d7680000)
 ParOldGen       total 68608K, used 9710K [0x0000000080000000, 0x0000000084300000, 0x00000000d5580000)
  object space 68608K, 14% used [0x0000000080000000,0x000000008097b830,0x0000000084300000)
 Metaspace       used 20740K, committed 21504K, reserved 1114112K
  class space    used 2140K, committed 2496K, reserved 1048576K
}
Event: 39.638 GC heap after
{Heap after GC invocations=8 (full 1):
 PSYoungGen      total 29184K, used 0K [0x00000000d5580000, 0x00000000d7680000, 0x0000000100000000)
  eden space 24576K, 0% used [0x00000000d5580000,0x00000000d5580000,0x00000000d6d80000)
  from space 4608K, 0% used [0x00000000d6e80000,0x00000000d6e80000,0x00000000d7300000)
  to   space 3584K, 0% used [0x00000000d7300000,0x00000000d7300000,0x00000000d7680000)
 ParOldGen       total 68608K, used 13308K [0x0000000080000000, 0x0000000084300000, 0x00000000d5580000)
  object space 68608K, 19% used [0x0000000080000000,0x0000000080cff098,0x0000000084300000)
 Metaspace       used 20727K, committed 21504K, reserved 1114112K
  class space    used 2136K, committed 2496K, reserved 1048576K
}
Event: 40.894 GC heap before
{Heap before GC invocations=9 (full 1):
 PSYoungGen      total 29184K, used 24576K [0x00000000d5580000, 0x00000000d7680000, 0x0000000100000000)
  eden space 24576K, 100% used [0x00000000d5580000,0x00000000d6d80000,0x00000000d6d80000)
  from space 4608K, 0% used [0x00000000d6e80000,0x00000000d6e80000,0x00000000d7300000)
  to   space 3584K, 0% used [0x00000000d7300000,0x00000000d7300000,0x00000000d7680000)
 ParOldGen       total 68608K, used 13308K [0x0000000080000000, 0x0000000084300000, 0x00000000d5580000)
  object space 68608K, 19% used [0x0000000080000000,0x0000000080cff098,0x0000000084300000)
 Metaspace       used 23457K, committed 24320K, reserved 1114112K
  class space    used 2316K, committed 2688K, reserved 1048576K
}
Event: 40.896 GC heap after
{Heap after GC invocations=9 (full 1):
 PSYoungGen      total 24576K, used 512K [0x00000000d5580000, 0x00000000d7380000, 0x0000000100000000)
  eden space 24064K, 0% used [0x00000000d5580000,0x00000000d5580000,0x00000000d6d00000)
  from space 512K, 100% used [0x00000000d7300000,0x00000000d7380000,0x00000000d7380000)
  to   space 2048K, 0% used [0x00000000d6f80000,0x00000000d6f80000,0x00000000d7180000)
 ParOldGen       total 68608K, used 13316K [0x0000000080000000, 0x0000000084300000, 0x00000000d5580000)
  object space 68608K, 19% used [0x0000000080000000,0x0000000080d01098,0x0000000084300000)
 Metaspace       used 23457K, committed 24320K, reserved 1114112K
  class space    used 2316K, committed 2688K, reserved 1048576K
}
Event: 41.007 GC heap before
{Heap before GC invocations=10 (full 1):
 PSYoungGen      total 24576K, used 24576K [0x00000000d5580000, 0x00000000d7380000, 0x0000000100000000)
  eden space 24064K, 100% used [0x00000000d5580000,0x00000000d6d00000,0x00000000d6d00000)
  from space 512K, 100% used [0x00000000d7300000,0x00000000d7380000,0x00000000d7380000)
  to   space 2048K, 0% used [0x00000000d6f80000,0x00000000d6f80000,0x00000000d7180000)
 ParOldGen       total 68608K, used 13316K [0x0000000080000000, 0x0000000084300000, 0x00000000d5580000)
  object space 68608K, 19% used [0x0000000080000000,0x0000000080d01098,0x0000000084300000)
 Metaspace       used 26725K, committed 27584K, reserved 1114112K
  class space    used 2681K, committed 3072K, reserved 1048576K
}
Event: 41.008 GC heap after
{Heap after GC invocations=10 (full 1):
 PSYoungGen      total 25600K, used 810K [0x00000000d5580000, 0x00000000d7380000, 0x0000000100000000)
  eden space 23552K, 0% used [0x00000000d5580000,0x00000000d5580000,0x00000000d6c80000)
  from space 2048K, 39% used [0x00000000d6f80000,0x00000000d704a8c0,0x00000000d7180000)
  to   space 1024K, 0% used [0x00000000d7280000,0x00000000d7280000,0x00000000d7380000)
 ParOldGen       total 68608K, used 13316K [0x0000000080000000, 0x0000000084300000, 0x00000000d5580000)
  object space 68608K, 19% used [0x0000000080000000,0x0000000080d01098,0x0000000084300000)
 Metaspace       used 26725K, committed 27584K, reserved 1114112K
  class space    used 2681K, committed 3072K, reserved 1048576K
}

Dll operation events (11 events):
Event: 0.010 Loaded shared library c:\Users\Shaik\.vscode\extensions\redhat.java-1.45.0-win32-x64\jre\21.0.8-win32-x86_64\bin\java.dll
Event: 0.054 Loaded shared library c:\Users\Shaik\.vscode\extensions\redhat.java-1.45.0-win32-x64\jre\21.0.8-win32-x86_64\bin\zip.dll
Event: 0.070 Loaded shared library C:\Users\Shaik\.vscode\extensions\redhat.java-1.45.0-win32-x64\jre\21.0.8-win32-x86_64\bin\instrument.dll
Event: 0.074 Loaded shared library C:\Users\Shaik\.vscode\extensions\redhat.java-1.45.0-win32-x64\jre\21.0.8-win32-x86_64\bin\net.dll
Event: 0.077 Loaded shared library C:\Users\Shaik\.vscode\extensions\redhat.java-1.45.0-win32-x64\jre\21.0.8-win32-x86_64\bin\nio.dll
Event: 0.080 Loaded shared library C:\Users\Shaik\.vscode\extensions\redhat.java-1.45.0-win32-x64\jre\21.0.8-win32-x86_64\bin\zip.dll
Event: 0.093 Loaded shared library C:\Users\Shaik\.vscode\extensions\redhat.java-1.45.0-win32-x64\jre\21.0.8-win32-x86_64\bin\jimage.dll
Event: 0.149 Loaded shared library c:\Users\Shaik\.vscode\extensions\redhat.java-1.45.0-win32-x64\jre\21.0.8-win32-x86_64\bin\verify.dll
Event: 9.640 Loaded shared library C:\Users\Shaik\AppData\Roaming\Code\User\globalStorage\redhat.java\1.45.0\config_win\org.eclipse.equinox.launcher\org.eclipse.equinox.launcher.win32.win32.x86_64_1.2.1400.v20250801-0854\eclipse_11916.dll
Event: 39.005 Loaded shared library C:\Users\Shaik\.vscode\extensions\redhat.java-1.45.0-win32-x64\jre\21.0.8-win32-x86_64\bin\management.dll
Event: 39.007 Loaded shared library C:\Users\Shaik\.vscode\extensions\redhat.java-1.45.0-win32-x64\jre\21.0.8-win32-x86_64\bin\management_ext.dll

Deoptimization events (20 events):
Event: 40.879 Thread 0x000002956fb3d030 Uncommon trap: trap_request=0xffffffde fr.pc=0x000002955ce99038 relative=0x00000000000000f8
Event: 40.879 Thread 0x000002956fb3d030 Uncommon trap: reason=class_check action=maybe_recompile pc=0x000002955ce99038 method=java.lang.Character.codePointAt(Ljava/lang/CharSequence;I)I @ 2 c2
Event: 40.879 Thread 0x000002956fb3d030 DEOPT PACKING pc=0x000002955ce99038 sp=0x000000c45d9fea30
Event: 40.879 Thread 0x000002956fb3d030 DEOPT UNPACKING pc=0x000002955c783aa2 sp=0x000000c45d9fe9b8 mode 2
Event: 40.879 Thread 0x000002956fb3d030 Uncommon trap: trap_request=0xffffffde fr.pc=0x000002955ce99038 relative=0x00000000000000f8
Event: 40.879 Thread 0x000002956fb3d030 Uncommon trap: reason=class_check action=maybe_recompile pc=0x000002955ce99038 method=java.lang.Character.codePointAt(Ljava/lang/CharSequence;I)I @ 2 c2
Event: 40.879 Thread 0x000002956fb3d030 DEOPT PACKING pc=0x000002955ce99038 sp=0x000000c45d9fea30
Event: 40.879 Thread 0x000002956fb3d030 DEOPT UNPACKING pc=0x000002955c783aa2 sp=0x000000c45d9fe9b8 mode 2
Event: 40.879 Thread 0x000002956fb3d030 Uncommon trap: trap_request=0xffffffde fr.pc=0x000002955ce99038 relative=0x00000000000000f8
Event: 40.879 Thread 0x000002956fb3d030 Uncommon trap: reason=class_check action=maybe_recompile pc=0x000002955ce99038 method=java.lang.Character.codePointAt(Ljava/lang/CharSequence;I)I @ 2 c2
Event: 40.879 Thread 0x000002956fb3d030 DEOPT PACKING pc=0x000002955ce99038 sp=0x000000c45d9fea30
Event: 40.879 Thread 0x000002956fb3d030 DEOPT UNPACKING pc=0x000002955c783aa2 sp=0x000000c45d9fe9b8 mode 2
Event: 40.879 Thread 0x000002956fb3d030 Uncommon trap: trap_request=0xffffffde fr.pc=0x000002955ce99038 relative=0x00000000000000f8
Event: 40.879 Thread 0x000002956fb3d030 Uncommon trap: reason=class_check action=maybe_recompile pc=0x000002955ce99038 method=java.lang.Character.codePointAt(Ljava/lang/CharSequence;I)I @ 2 c2
Event: 40.879 Thread 0x000002956fb3d030 DEOPT PACKING pc=0x000002955ce99038 sp=0x000000c45d9fea30
Event: 40.879 Thread 0x000002956fb3d030 DEOPT UNPACKING pc=0x000002955c783aa2 sp=0x000000c45d9fe9b8 mode 2
Event: 40.879 Thread 0x000002956fb3d030 Uncommon trap: trap_request=0xffffff76 fr.pc=0x000002955ce723dc relative=0x000000000000037c
Event: 40.879 Thread 0x000002956fb3d030 Uncommon trap: reason=predicate action=maybe_recompile pc=0x000002955ce723dc method=java.util.regex.Pattern$BmpCharPropertyGreedy.match(Ljava/util/regex/Matcher;ILjava/lang/CharSequence;)Z @ 12 c2
Event: 40.879 Thread 0x000002956fb3d030 DEOPT PACKING pc=0x000002955ce723dc sp=0x000000c45d9fe960
Event: 40.879 Thread 0x000002956fb3d030 DEOPT UNPACKING pc=0x000002955c783aa2 sp=0x000000c45d9fe918 mode 2

Classes loaded (20 events):
Event: 40.996 Loading class sun/reflect/generics/repository/AbstractRepository
Event: 40.996 Loading class sun/reflect/generics/repository/AbstractRepository done
Event: 40.996 Loading class sun/reflect/generics/repository/GenericDeclRepository done
Event: 40.996 Loading class sun/reflect/generics/repository/ClassRepository done
Event: 40.996 Loading class sun/reflect/generics/tree/FormalTypeParameter
Event: 40.996 Loading class sun/reflect/generics/tree/FormalTypeParameter done
Event: 40.996 Loading class sun/reflect/generics/tree/ClassSignature
Event: 40.996 Loading class sun/reflect/generics/tree/Signature
Event: 40.996 Loading class sun/reflect/generics/tree/Signature done
Event: 40.996 Loading class sun/reflect/generics/tree/ClassSignature done
Event: 40.996 Loading class sun/reflect/annotation/TypeAnnotation$TypeAnnotationTarget
Event: 40.996 Loading class sun/reflect/annotation/TypeAnnotation$TypeAnnotationTarget done
Event: 40.996 Loading class sun/reflect/annotation/TypeAnnotation$LocationInfo
Event: 40.996 Loading class sun/reflect/annotation/TypeAnnotation$LocationInfo done
Event: 40.996 Loading class sun/reflect/annotation/TypeAnnotation$LocationInfo$Location
Event: 40.996 Loading class sun/reflect/annotation/TypeAnnotation$LocationInfo$Location done
Event: 40.996 Loading class sun/reflect/annotation/AnnotatedTypeFactory
Event: 40.996 Loading class sun/reflect/annotation/AnnotatedTypeFactory done
Event: 40.996 Loading class sun/reflect/annotation/AnnotatedTypeFactory$AnnotatedTypeBaseImpl
Event: 40.996 Loading class sun/reflect/annotation/AnnotatedTypeFactory$AnnotatedTypeBaseImpl done

Classes unloaded (7 events):
Event: 39.609 Thread 0x0000029551fa48a0 Unloading class 0x00000295011a8800 'java/lang/invoke/LambdaForm$MH+0x00000295011a8800'
Event: 39.609 Thread 0x0000029551fa48a0 Unloading class 0x00000295011a8400 'java/lang/invoke/LambdaForm$MH+0x00000295011a8400'
Event: 39.609 Thread 0x0000029551fa48a0 Unloading class 0x00000295011a8000 'java/lang/invoke/LambdaForm$MH+0x00000295011a8000'
Event: 39.609 Thread 0x0000029551fa48a0 Unloading class 0x00000295011a7c00 'java/lang/invoke/LambdaForm$MH+0x00000295011a7c00'
Event: 39.609 Thread 0x0000029551fa48a0 Unloading class 0x00000295011a7800 'java/lang/invoke/LambdaForm$BMH+0x00000295011a7800'
Event: 39.609 Thread 0x0000029551fa48a0 Unloading class 0x00000295011a7400 'java/lang/invoke/LambdaForm$DMH+0x00000295011a7400'
Event: 39.609 Thread 0x0000029551fa48a0 Unloading class 0x00000295011a6000 'java/lang/invoke/LambdaForm$DMH+0x00000295011a6000'

Classes redefined (0 events):
No events

Internal exceptions (20 events):
Event: 39.555 Thread 0x000002956a0179f0 Exception <a 'java/lang/NoSuchMethodError'{0x00000000d67fb1b0}: 'double java.lang.invoke.DirectMethodHandle$Holder.invokeStaticInit(java.lang.Object, java.lang.Object)'> (0x00000000d67fb1b0) 
thrown [s\src\hotspot\share\interpreter\linkResolver.cpp, line 773]
Event: 39.764 Thread 0x000002956a0179f0 Exception <a 'java/io/FileNotFoundException'{0x00000000d61b3bc0}> (0x00000000d61b3bc0) 
thrown [s\src\hotspot\share\prims\jni.cpp, line 520]
Event: 39.764 Thread 0x000002956a0179f0 Exception <a 'java/io/FileNotFoundException'{0x00000000d61b49f0}> (0x00000000d61b49f0) 
thrown [s\src\hotspot\share\prims\jni.cpp, line 520]
Event: 39.764 Thread 0x000002956a0179f0 Exception <a 'java/io/FileNotFoundException'{0x00000000d61b5928}> (0x00000000d61b5928) 
thrown [s\src\hotspot\share\prims\jni.cpp, line 520]
Event: 40.841 Thread 0x000002956fb3d030 Exception <a 'java/lang/NoSuchMethodError'{0x00000000d685cc68}: 'java.lang.Object java.lang.invoke.DirectMethodHandle$Holder.invokeStaticInit(java.lang.Object, java.lang.Object, java.lang.Object, java.lang.Object, java.lang.Object, java.lang.Object, java.lang.Object)'> (0x00000000d685cc68) 
thrown [s\src\hotspot\share\interpreter\linkResolver.cpp, line 773]
Event: 40.849 Thread 0x000002956fb3d030 Exception <a 'java/lang/NoSuchMethodError'{0x00000000d6864dd0}: 'java.lang.Object java.lang.invoke.Invokers$Holder.invoke_MT(java.lang.Object, java.lang.Object, java.lang.Object, java.lang.Object, java.lang.Object, java.lang.Object, java.lang.Object, java.lang.Object, java.lang.Object)'> (0x00000000d6864dd0) 
thrown [s\src\hotspot\share\interpreter\linkResolver.cpp, line 773]
Event: 40.853 Thread 0x000002956fb3d030 Exception <a 'java/lang/NoSuchMethodError'{0x00000000d68a4928}: 'int java.lang.invoke.DirectMethodHandle$Holder.invokeVirtual(java.lang.Object, java.lang.Object, java.lang.Object)'> (0x00000000d68a4928) 
thrown [s\src\hotspot\share\interpreter\linkResolver.cpp, line 773]
Event: 40.853 Thread 0x000002956fb3d030 Exception <a 'java/lang/NoSuchMethodError'{0x00000000d68a83f0}: 'int java.lang.invoke.DirectMethodHandle$Holder.invokeStaticInit(java.lang.Object, java.lang.Object, java.lang.Object)'> (0x00000000d68a83f0) 
thrown [s\src\hotspot\share\interpreter\linkResolver.cpp, line 773]
Event: 40.853 Thread 0x000002956fb3d030 Exception <a 'java/lang/NoSuchMethodError'{0x00000000d68aba40}: 'int java.lang.invoke.DirectMethodHandle$Holder.invokeStaticInit(java.lang.Object, int, int)'> (0x00000000d68aba40) 
thrown [s\src\hotspot\share\interpreter\linkResolver.cpp, line 773]
Event: 40.854 Thread 0x000002956fb3d030 Exception <a 'java/lang/NoSuchMethodError'{0x00000000d68b2ee8}: 'int java.lang.invoke.DirectMethodHandle$Holder.invokeStaticInit(java.lang.Object, long, long)'> (0x00000000d68b2ee8) 
thrown [s\src\hotspot\share\interpreter\linkResolver.cpp, line 773]
Event: 40.855 Thread 0x000002956fb3d030 Exception <a 'java/lang/NoSuchMethodError'{0x00000000d68b9820}: 'int java.lang.invoke.DirectMethodHandle$Holder.invokeStaticInit(java.lang.Object, float, float)'> (0x00000000d68b9820) 
thrown [s\src\hotspot\share\interpreter\linkResolver.cpp, line 773]
Event: 40.856 Thread 0x000002956fb3d030 Exception <a 'java/lang/NoSuchMethodError'{0x00000000d68bff00}: 'int java.lang.invoke.DirectMethodHandle$Holder.invokeStaticInit(java.lang.Object, double, double)'> (0x00000000d68bff00) 
thrown [s\src\hotspot\share\interpreter\linkResolver.cpp, line 773]
Event: 40.856 Thread 0x000002956fb3d030 Exception <a 'java/lang/NoSuchMethodError'{0x00000000d68c42e8}: 'int java.lang.invoke.DirectMethodHandle$Holder.invokeStatic(java.lang.Object, long)'> (0x00000000d68c42e8) 
thrown [s\src\hotspot\share\interpreter\linkResolver.cpp, line 773]
Event: 40.858 Thread 0x000002956fb3d030 Exception <a 'java/lang/NoSuchMethodError'{0x00000000d68e2830}: 'int java.lang.invoke.Invokers$Holder.linkToTargetMethod(java.lang.Object, java.lang.Object)'> (0x00000000d68e2830) 
thrown [s\src\hotspot\share\interpreter\linkResolver.cpp, line 773]
Event: 40.874 Thread 0x000002956fb3c9a0 Exception <a 'java/lang/NoSuchMethodError'{0x00000000d6b7e088}: 'int java.lang.invoke.DirectMethodHandle$Holder.invokeSpecial(java.lang.Object, java.lang.Object, java.lang.Object, java.lang.Object)'> (0x00000000d6b7e088) 
thrown [s\src\hotspot\share\interpreter\linkResolver.cpp, line 773]
Event: 40.875 Thread 0x000002956fb3c9a0 Exception <a 'java/lang/NoSuchMethodError'{0x00000000d6b9ac20}: 'java.lang.Object java.lang.invoke.DirectMethodHandle$Holder.invokeStatic(java.lang.Object, int, java.lang.Object, java.lang.Object)'> (0x00000000d6b9ac20) 
thrown [s\src\hotspot\share\interpreter\linkResolver.cpp, line 773]
Event: 40.875 Thread 0x000002956fb3c9a0 Exception <a 'java/lang/NoSuchMethodError'{0x00000000d6b9e400}: 'java.lang.Object java.lang.invoke.DelegatingMethodHandle$Holder.delegate(java.lang.Object, int, java.lang.Object, java.lang.Object)'> (0x00000000d6b9e400) 
thrown [s\src\hotspot\share\interpreter\linkResolver.cpp, line 773]
Event: 40.878 Thread 0x000002956fb3c9a0 Exception <a 'java/lang/NoSuchMethodError'{0x00000000d6bb9810}: 'int java.lang.invoke.Invokers$Holder.linkToTargetMethod(java.lang.Object, java.lang.Object, java.lang.Object)'> (0x00000000d6bb9810) 
thrown [s\src\hotspot\share\interpreter\linkResolver.cpp, line 773]
Event: 40.898 Thread 0x000002956fb3d030 Exception <a 'java/lang/NoSuchMethodError'{0x00000000d55fd530}: 'java.lang.Object java.lang.invoke.DirectMethodHandle$Holder.invokeSpecialIFC(java.lang.Object, java.lang.Object, java.lang.Object, java.lang.Object)'> (0x00000000d55fd530) 
thrown [s\src\hotspot\share\interpreter\linkResolver.cpp, line 773]
Event: 41.030 Thread 0x000002956a0179f0 Exception <a 'java/io/FileNotFoundException'{0x00000000d58e8450}> (0x00000000d58e8450) 
thrown [s\src\hotspot\share\prims\jni.cpp, line 520]

ZGC Phase Switch (0 events):
No events

VM Operations (20 events):
Event: 39.166 Executing VM operation: HandshakeAllThreads (Deoptimize)
Event: 39.166 Executing VM operation: HandshakeAllThreads (Deoptimize) done
Event: 39.172 Executing VM operation: HandshakeAllThreads (Deoptimize)
Event: 39.172 Executing VM operation: HandshakeAllThreads (Deoptimize) done
Event: 39.320 Executing VM operation: ParallelGCFailedAllocation (Allocation Failure)
Event: 39.324 Executing VM operation: ParallelGCFailedAllocation (Allocation Failure) done
Event: 39.460 Executing VM operation: HandshakeAllThreads (Deoptimize)
Event: 39.460 Executing VM operation: HandshakeAllThreads (Deoptimize) done
Event: 39.598 Executing VM operation: CollectForMetadataAllocation (Metadata GC Threshold)
Event: 39.638 Executing VM operation: CollectForMetadataAllocation (Metadata GC Threshold) done
Event: 40.642 Executing VM operation: Cleanup
Event: 40.839 Executing VM operation: Cleanup done
Event: 40.863 Executing VM operation: HandshakeAllThreads (Deoptimize)
Event: 40.863 Executing VM operation: HandshakeAllThreads (Deoptimize) done
Event: 40.894 Executing VM operation: ParallelGCFailedAllocation (Allocation Failure)
Event: 40.896 Executing VM operation: ParallelGCFailedAllocation (Allocation Failure) done
Event: 41.007 Executing VM operation: ParallelGCFailedAllocation (Allocation Failure)
Event: 41.008 Executing VM operation: ParallelGCFailedAllocation (Allocation Failure) done
Event: 42.008 Executing VM operation: Cleanup
Event: 42.041 Executing VM operation: Cleanup done

Memory protections (0 events):
No events

Nmethod flushes (0 events):
No events

Events (20 events):
Event: 10.868 Thread 0x000002956f2f1910 Thread exited: 0x000002956f2f1910
Event: 13.240 Thread 0x00000295520c56f0 Thread added: 0x000002956f3c82a0
Event: 13.432 Thread 0x000002956f3c82a0 Thread exited: 0x000002956f3c82a0
Event: 13.452 Thread 0x000002956a0179f0 Thread added: 0x000002956f3c82a0
Event: 31.329 Thread 0x00000295520c7d40 Thread added: 0x000002956fbd1500
Event: 32.444 Thread 0x00000295520c56f0 Thread added: 0x000002956f5c4d00
Event: 33.577 Thread 0x000002956f5c4d00 Thread exited: 0x000002956f5c4d00
Event: 33.645 Thread 0x000002956fbd1500 Thread exited: 0x000002956fbd1500
Event: 33.934 Thread 0x000002956a0179f0 Thread added: 0x000002956f6635a0
Event: 35.135 Thread 0x000002956a0179f0 Thread added: 0x000002956fb3f100
Event: 37.702 Thread 0x00000295520c7d40 Thread added: 0x000002956a058480
Event: 38.837 Thread 0x000002956a058480 Thread exited: 0x000002956a058480
Event: 38.910 Thread 0x000002956a0179f0 Thread added: 0x000002956fb3ea70
Event: 39.065 Thread 0x000002956a0179f0 Thread added: 0x000002956fb3d030
Event: 39.076 Thread 0x000002956a0179f0 Thread added: 0x000002956fb3c9a0
Event: 39.081 Thread 0x000002956fb3d030 Thread added: 0x000002956fb3fe20
Event: 39.126 Thread 0x00000295520c7d40 Thread added: 0x000002956fc748b0
Event: 39.834 Thread 0x000002956fc748b0 Thread exited: 0x000002956fc748b0
Event: 40.558 Thread 0x000002956fb3c9a0 Thread added: 0x000002956fb3d6c0
Event: 41.016 Thread 0x00000295520c7d40 Thread added: 0x000002956fec62c0


Dynamic libraries:
0x00007ff75b890000 - 0x00007ff75b89e000 	c:\Users\Shaik\.vscode\extensions\redhat.java-1.45.0-win32-x64\jre\21.0.8-win32-x86_64\bin\java.exe
0x00007ffec30e0000 - 0x00007ffec3349000 	C:\WINDOWS\SYSTEM32\ntdll.dll
0x00007ffec2040000 - 0x00007ffec2109000 	C:\WINDOWS\System32\KERNEL32.DLL
0x00007ffec05f0000 - 0x00007ffec09e3000 	C:\WINDOWS\System32\KERNELBASE.dll
0x00007ffec0ca0000 - 0x00007ffec0deb000 	C:\WINDOWS\System32\ucrtbase.dll
0x00007ffe9b4b0000 - 0x00007ffe9b4c8000 	c:\Users\Shaik\.vscode\extensions\redhat.java-1.45.0-win32-x64\jre\21.0.8-win32-x86_64\bin\jli.dll
0x00007ffe92ec0000 - 0x00007ffe92ede000 	c:\Users\Shaik\.vscode\extensions\redhat.java-1.45.0-win32-x64\jre\21.0.8-win32-x86_64\bin\VCRUNTIME140.dll
0x00007ffec29b0000 - 0x00007ffec2b74000 	C:\WINDOWS\System32\USER32.dll
0x00007ffec05c0000 - 0x00007ffec05e7000 	C:\WINDOWS\System32\win32u.dll
0x00007ffe9bcf0000 - 0x00007ffe9bf83000 	C:\WINDOWS\WinSxS\amd64_microsoft.windows.common-controls_6595b64144ccf1df_6.0.26100.5074_none_3e0d6f78e32fd63f\COMCTL32.dll
0x00007ffec1980000 - 0x00007ffec19ab000 	C:\WINDOWS\System32\GDI32.dll
0x00007ffec2290000 - 0x00007ffec2339000 	C:\WINDOWS\System32\msvcrt.dll
0x00007ffec0270000 - 0x00007ffec039d000 	C:\WINDOWS\System32\gdi32full.dll
0x00007ffec03a0000 - 0x00007ffec0443000 	C:\WINDOWS\System32\msvcp_win.dll
0x00007ffec25b0000 - 0x00007ffec25df000 	C:\WINDOWS\System32\IMM32.DLL
0x00007ffeb8460000 - 0x00007ffeb846c000 	c:\Users\Shaik\.vscode\extensions\redhat.java-1.45.0-win32-x64\jre\21.0.8-win32-x86_64\bin\vcruntime140_1.dll
0x00007ffe80ef0000 - 0x00007ffe80f7d000 	c:\Users\Shaik\.vscode\extensions\redhat.java-1.45.0-win32-x64\jre\21.0.8-win32-x86_64\bin\msvcp140.dll
0x00007ffdb8d10000 - 0x00007ffdb9aa7000 	c:\Users\Shaik\.vscode\extensions\redhat.java-1.45.0-win32-x64\jre\21.0.8-win32-x86_64\bin\server\jvm.dll
0x00007ffec2340000 - 0x00007ffec23f4000 	C:\WINDOWS\System32\ADVAPI32.dll
0x00007ffec2500000 - 0x00007ffec25a6000 	C:\WINDOWS\System32\sechost.dll
0x00007ffec1860000 - 0x00007ffec1978000 	C:\WINDOWS\System32\RPCRT4.dll
0x00007ffec2400000 - 0x00007ffec2474000 	C:\WINDOWS\System32\WS2_32.dll
0x00007ffeb4b30000 - 0x00007ffeb4b65000 	C:\WINDOWS\SYSTEM32\WINMM.dll
0x00007ffec00d0000 - 0x00007ffec012e000 	C:\WINDOWS\SYSTEM32\POWRPROF.dll
0x00007ffeac620000 - 0x00007ffeac62b000 	C:\WINDOWS\SYSTEM32\VERSION.dll
0x00007ffec00b0000 - 0x00007ffec00c4000 	C:\WINDOWS\SYSTEM32\UMPDC.dll
0x00007ffebf030000 - 0x00007ffebf04b000 	C:\WINDOWS\SYSTEM32\kernel.appcore.dll
0x00007ffeb7670000 - 0x00007ffeb767a000 	c:\Users\Shaik\.vscode\extensions\redhat.java-1.45.0-win32-x64\jre\21.0.8-win32-x86_64\bin\jimage.dll
0x00007ffebda70000 - 0x00007ffebdcb2000 	C:\WINDOWS\SYSTEM32\DBGHELP.DLL
0x00007ffec19b0000 - 0x00007ffec1d2b000 	C:\WINDOWS\System32\combase.dll
0x00007ffec1f10000 - 0x00007ffec1fe7000 	C:\WINDOWS\System32\OLEAUT32.dll
0x00007ffe9bcb0000 - 0x00007ffe9bced000 	C:\WINDOWS\SYSTEM32\dbgcore.DLL
0x00007ffec0a80000 - 0x00007ffec0b19000 	C:\WINDOWS\System32\bcryptPrimitives.dll
0x00007ffea0570000 - 0x00007ffea057f000 	c:\Users\Shaik\.vscode\extensions\redhat.java-1.45.0-win32-x64\jre\21.0.8-win32-x86_64\bin\instrument.dll
0x00007ffe81590000 - 0x00007ffe815af000 	c:\Users\Shaik\.vscode\extensions\redhat.java-1.45.0-win32-x64\jre\21.0.8-win32-x86_64\bin\java.dll
0x00007ffec1010000 - 0x00007ffec175d000 	C:\WINDOWS\System32\SHELL32.dll
0x00007ffec0450000 - 0x00007ffec05bc000 	C:\WINDOWS\System32\wintypes.dll
0x00007ffebdea0000 - 0x00007ffebe6f9000 	C:\WINDOWS\SYSTEM32\windows.storage.dll
0x00007ffec28b0000 - 0x00007ffec29a0000 	C:\WINDOWS\System32\SHCORE.dll
0x00007ffec17c0000 - 0x00007ffec1822000 	C:\WINDOWS\System32\shlwapi.dll
0x00007ffec0190000 - 0x00007ffec01b9000 	C:\WINDOWS\SYSTEM32\profapi.dll
0x00007ffe81650000 - 0x00007ffe81668000 	c:\Users\Shaik\.vscode\extensions\redhat.java-1.45.0-win32-x64\jre\21.0.8-win32-x86_64\bin\zip.dll
0x00007ffe9e4c0000 - 0x00007ffe9e4d0000 	C:\Users\Shaik\.vscode\extensions\redhat.java-1.45.0-win32-x64\jre\21.0.8-win32-x86_64\bin\net.dll
0x00007ffeb5d00000 - 0x00007ffeb5e1f000 	C:\WINDOWS\SYSTEM32\WINHTTP.dll
0x00007ffebf5d0000 - 0x00007ffebf63b000 	C:\WINDOWS\system32\mswsock.dll
0x00007ffe80ed0000 - 0x00007ffe80ee6000 	C:\Users\Shaik\.vscode\extensions\redhat.java-1.45.0-win32-x64\jre\21.0.8-win32-x86_64\bin\nio.dll
0x00007ffe9e1e0000 - 0x00007ffe9e1f0000 	c:\Users\Shaik\.vscode\extensions\redhat.java-1.45.0-win32-x64\jre\21.0.8-win32-x86_64\bin\verify.dll
0x00007ffe80e80000 - 0x00007ffe80ec4000 	C:\Users\Shaik\AppData\Roaming\Code\User\globalStorage\redhat.java\1.45.0\config_win\org.eclipse.equinox.launcher\org.eclipse.equinox.launcher.win32.win32.x86_64_1.2.1400.v20250801-0854\eclipse_11916.dll
0x00007ffec26f0000 - 0x00007ffec2888000 	C:\WINDOWS\System32\ole32.dll
0x00007ffeb8760000 - 0x00007ffeb876a000 	C:\Users\Shaik\.vscode\extensions\redhat.java-1.45.0-win32-x64\jre\21.0.8-win32-x86_64\bin\management.dll
0x00007ffeb8750000 - 0x00007ffeb875b000 	C:\Users\Shaik\.vscode\extensions\redhat.java-1.45.0-win32-x64\jre\21.0.8-win32-x86_64\bin\management_ext.dll
0x00007ffec25f0000 - 0x00007ffec25f8000 	C:\WINDOWS\System32\PSAPI.DLL

JVMTI agents:
c:\Users\Shaik\.vscode\extensions\redhat.java-1.45.0-win32-x64\lombok\lombok-1.18.39-4050.jar path:c:\Users\Shaik\.vscode\extensions\redhat.java-1.45.0-win32-x64\jre\21.0.8-win32-x86_64\bin\instrument.dll, loaded, initialized, instrumentlib options:none

dbghelp: loaded successfully - version: 4.0.5 - missing functions: none
symbol engine: initialized successfully - sym options: 0x614 - pdb path: .;c:\Users\Shaik\.vscode\extensions\redhat.java-1.45.0-win32-x64\jre\21.0.8-win32-x86_64\bin;C:\WINDOWS\SYSTEM32;C:\WINDOWS\WinSxS\amd64_microsoft.windows.common-controls_6595b64144ccf1df_6.0.26100.5074_none_3e0d6f78e32fd63f;c:\Users\Shaik\.vscode\extensions\redhat.java-1.45.0-win32-x64\jre\21.0.8-win32-x86_64\bin\server;C:\Users\Shaik\AppData\Roaming\Code\User\globalStorage\redhat.java\1.45.0\config_win\org.eclipse.equinox.launcher\org.eclipse.equinox.launcher.win32.win32.x86_64_1.2.1400.v20250801-0854

VM Arguments:
jvm_args: --add-modules=ALL-SYSTEM --add-opens=java.base/java.util=ALL-UNNAMED --add-opens=java.base/java.lang=ALL-UNNAMED --add-opens=java.base/sun.nio.fs=ALL-UNNAMED -Declipse.application=org.eclipse.jdt.ls.core.id1 -Dosgi.bundles.defaultStartLevel=4 -Declipse.product=org.eclipse.jdt.ls.core.product -Djava.import.generatesMetadataFilesAtProjectRoot=false -DDetectVMInstallationsJob.disabled=true -Dfile.encoding=utf8 -XX:+UseParallelGC -XX:GCTimeRatio=4 -XX:AdaptiveSizePolicyWeight=90 -Dsun.zip.disableMemoryMapping=true -Xmx2G -Xms100m -Xlog:disable -javaagent:c:\Users\Shaik\.vscode\extensions\redhat.java-1.45.0-win32-x64\lombok\lombok-1.18.39-4050.jar -XX:+HeapDumpOnOutOfMemoryError -XX:HeapDumpPath=c:\Users\Shaik\AppData\Roaming\Code\User\workspaceStorage\414eda6aa39d44dd55053ebc7d03b021\redhat.java -Daether.dependencyCollector.impl=bf 
java_command: c:\Users\Shaik\.vscode\extensions\redhat.java-1.45.0-win32-x64\server\plugins\org.eclipse.equinox.launcher_1.7.0.v20250519-0528.jar -configuration c:\Users\Shaik\AppData\Roaming\Code\User\globalStorage\redhat.java\1.45.0\config_win -data c:\Users\Shaik\AppData\Roaming\Code\User\workspaceStorage\414eda6aa39d44dd55053ebc7d03b021\redhat.java\jdt_ws --pipe=\\.\pipe\lsp-7bd97dd18e5b60a569c52683bbbba23e-sock
java_class_path (initial): c:\Users\Shaik\.vscode\extensions\redhat.java-1.45.0-win32-x64\server\plugins\org.eclipse.equinox.launcher_1.7.0.v20250519-0528.jar
Launcher Type: SUN_STANDARD

[Global flags]
    uintx AdaptiveSizePolicyWeight                 = 90                                        {product} {command line}
     intx CICompilerCount                          = 4                                         {product} {ergonomic}
    uintx GCTimeRatio                              = 4                                         {product} {command line}
     bool HeapDumpOnOutOfMemoryError               = true                                   {manageable} {command line}
    ccstr HeapDumpPath                             = c:\Users\Shaik\AppData\Roaming\Code\User\workspaceStorage\414eda6aa39d44dd55053ebc7d03b021\redhat.java         {manageable} {command line}
   size_t InitialHeapSize                          = 104857600                                 {product} {command line}
   size_t MaxHeapSize                              = 2147483648                                {product} {command line}
   size_t MaxNewSize                               = 715653120                                 {product} {ergonomic}
   size_t MinHeapDeltaBytes                        = 524288                                    {product} {ergonomic}
   size_t MinHeapSize                              = 104857600                                 {product} {command line}
   size_t NewSize                                  = 34603008                                  {product} {ergonomic}
    uintx NonNMethodCodeHeapSize                   = 5839372                                {pd product} {ergonomic}
    uintx NonProfiledCodeHeapSize                  = 122909434                              {pd product} {ergonomic}
   size_t OldSize                                  = 70254592                                  {product} {ergonomic}
    uintx ProfiledCodeHeapSize                     = 122909434                              {pd product} {ergonomic}
    uintx ReservedCodeCacheSize                    = 251658240                              {pd product} {ergonomic}
     bool SegmentedCodeCache                       = true                                      {product} {ergonomic}
   size_t SoftMaxHeapSize                          = 2147483648                             {manageable} {ergonomic}
     bool UseCompressedOops                        = true                           {product lp64_product} {ergonomic}
     bool UseLargePagesIndividualAllocation        = false                                  {pd product} {ergonomic}
     bool UseParallelGC                            = true                                      {product} {command line}

Logging:
Log output configuration:
 #0: stdout all=off uptime,level,tags foldmultilines=false
 #1: stderr all=off uptime,level,tags foldmultilines=false

Environment Variables:
JAVA_HOME=C:\Program Files\Java\jdk-21
PATH=C:\3-1\apache-maven-3.9.11-bin\apache-maven-3.9.11\bin;C:\Program Files\Java\jdk-21\bin;C:\Program Files\nodejs;C:\Program Files\Docker\Docker\resources\bin;C:\Program Files\Git\cmd;C:\Program Files\nodejs\;C:\Windows\System32;C:\Program Files\MySQL\MySQL Shell 8.0\bin\;C:\Users\Shaik\Downloads\apache-maven-3.9.11\bin;C:\Users\Shaik\AppData\Local\Programs\Microsoft VS Code\bin;C:\Users\Shaik\AppData\Roaming\npm;C:\Users\Shaik\AppData\Local\Programs\cursor\resources\app\bin
USERNAME=Shaik
OS=Windows_NT
PROCESSOR_IDENTIFIER=Intel64 Family 6 Model 186 Stepping 3, GenuineIntel
TMP=C:\Users\Shaik\AppData\Local\Temp
TEMP=C:\Users\Shaik\AppData\Local\Temp




Periodic native trim disabled

---------------  S Y S T E M  ---------------

OS:
 Windows 11 , 64 bit Build 26100 (10.0.26100.5074)
OS uptime: 0 days 1:06 hours
Hyper-V role detected

CPU: total 12 (initial active 12) (6 cores per cpu, 2 threads per core) family 6 model 186 stepping 3 microcode 0x4128, cx8, cmov, fxsr, ht, mmx, 3dnowpref, sse, sse2, sse3, ssse3, sse4.1, sse4.2, popcnt, lzcnt, tsc, tscinvbit, avx, avx2, aes, erms, clmul, bmi1, bmi2, adx, sha, fma, vzeroupper, clflush, clflushopt, clwb, hv, serialize, rdtscp, rdpid, fsrm, f16c, cet_ibt, cet_ss
Processor Information for processor 0
  Max Mhz: 1300, Current Mhz: 1300, Mhz Limit: 1300
Processor Information for processor 1
  Max Mhz: 1300, Current Mhz: 1300, Mhz Limit: 1300
Processor Information for processor 2
  Max Mhz: 1300, Current Mhz: 1300, Mhz Limit: 1300
Processor Information for processor 3
  Max Mhz: 1300, Current Mhz: 1300, Mhz Limit: 1300
Processor Information for processor 4
  Max Mhz: 1300, Current Mhz: 900, Mhz Limit: 897
Processor Information for processor 5
  Max Mhz: 1300, Current Mhz: 900, Mhz Limit: 897
Processor Information for processor 6
  Max Mhz: 1300, Current Mhz: 900, Mhz Limit: 897
Processor Information for processor 7
  Max Mhz: 1300, Current Mhz: 900, Mhz Limit: 897
Processor Information for processor 8
  Max Mhz: 1300, Current Mhz: 900, Mhz Limit: 897
Processor Information for processor 9
  Max Mhz: 1300, Current Mhz: 900, Mhz Limit: 897
Processor Information for processor 10
  Max Mhz: 1300, Current Mhz: 900, Mhz Limit: 897
Processor Information for processor 11
  Max Mhz: 1300, Current Mhz: 900, Mhz Limit: 897

Memory: 4k page, system-wide physical 16095M (4276M free)
TotalPageFile size 16095M (AvailPageFile size 1M)
current process WorkingSet (physical memory assigned to process): 161M, peak: 161M
current process commit charge ("private bytes"): 297M, peak: 297M

vm_info: OpenJDK 64-Bit Server VM (21.0.8+9-LTS) for windows-amd64 JRE (21.0.8+9-LTS), built on 2025-07-15T00:00:00Z by "admin" with MS VC++ 17.7 (VS2022)

END.
